TestPlugin/bin/outputs/logs/manifest-merger-debug-report.txt
-- Merging decision tree log ---
manifest
ADDED from DroidPlugin-master\TestPlugin\AndroidManifest.xml:2:1-24:12
	package
		ADDED from DroidPlugin-master\TestPlugin\AndroidManifest.xml:3:11-43
	android:versionName
		ADDED from DroidPlugin-master\TestPlugin\AndroidManifest.xml:5:11-36
		INJECTED from DroidPlugin-master\TestPlugin\AndroidManifest.xml
		INJECTED from DroidPlugin-master\TestPlugin\AndroidManifest.xml
	android:versionCode
		ADDED from DroidPlugin-master\TestPlugin\AndroidManifest.xml:4:11-34
		INJECTED from DroidPlugin-master\TestPlugin\AndroidManifest.xml
		INJECTED from DroidPlugin-master\TestPlugin\AndroidManifest.xml
	xmlns:android
		ADDED from DroidPlugin-master\TestPlugin\AndroidManifest.xml:2:11-69
uses-sdk
ADDED from DroidPlugin-master\TestPlugin\AndroidManifest.xml:7:5-72
MERGED from [com.android.support:gridlayout-v7:23.1.1] AndroidManifest.xml:20:5-43
MERGED from [com.android.support:support-v4:23.1.1] AndroidManifest.xml:20:5-43
MERGED from [com.android.support:cardview-v7:23.1.1] AndroidManifest.xml:20:5-43
MERGED from [com.android.support:design:23.1.1] AndroidManifest.xml:20:5-43
MERGED from [com.android.support:appcompat-v7:23.1.1] AndroidManifest.xml:20:5-43
MERGED from [com.android.support:recyclerview-v7:23.1.1] AndroidManifest.xml:20:5-43
MERGED from [DroidPlugin-master.Libraries:DroidPlugin:unspecified] AndroidManifest.xml:30:5-43
	android:targetSdkVersion
		ADDED from DroidPlugin-master\TestPlugin\AndroidManifest.xml:7:41-70
	android:minSdkVersion
		ADDED from DroidPlugin-master\TestPlugin\AndroidManifest.xml:7:15-40
application
ADDED from DroidPlugin-master\TestPlugin\AndroidManifest.xml:9:5-23:19
MERGED from [com.android.support:gridlayout-v7:23.1.1] AndroidManifest.xml:22:5-20
MERGED from [com.android.support:support-v4:23.1.1] AndroidManifest.xml:22:5-20
MERGED from [com.android.support:cardview-v7:23.1.1] AndroidManifest.xml:22:5-20
MERGED from [com.android.support:design:23.1.1] AndroidManifest.xml:22:5-20
MERGED from [com.android.support:appcompat-v7:23.1.1] AndroidManifest.xml:22:5-20
MERGED from [DroidPlugin-master.Libraries:DroidPlugin:unspecified] AndroidManifest.xml:180:5-5045:19
	android:label
		ADDED from DroidPlugin-master\TestPlugin\AndroidManifest.xml:9:74-106
	android:icon
		ADDED from DroidPlugin-master\TestPlugin\AndroidManifest.xml:10:18-54
	android:theme
		ADDED from DroidPlugin-master\TestPlugin\AndroidManifest.xml:10:55-86
	android:name
		ADDED from DroidPlugin-master\TestPlugin\AndroidManifest.xml:9:18-73
activity#com.example.TestPlugin.MyActivity
ADDED from DroidPlugin-master\TestPlugin\AndroidManifest.xml:11:9-21:20
	android:screenOrientation
		ADDED from DroidPlugin-master\TestPlugin\AndroidManifest.xml:14:17-53
	android:label
		ADDED from DroidPlugin-master\TestPlugin\AndroidManifest.xml:13:17-49
	android:configChanges
		ADDED from DroidPlugin-master\TestPlugin\AndroidManifest.xml:15:17-52
	android:name
		ADDED from DroidPlugin-master\TestPlugin\AndroidManifest.xml:12:17-42
intent-filter#android.intent.action.MAIN+android.intent.category.LAUNCHER
ADDED from DroidPlugin-master\TestPlugin\AndroidManifest.xml:17:13-20:29
action#android.intent.action.MAIN
ADDED from DroidPlugin-master\TestPlugin\AndroidManifest.xml:18:17-68
	android:name
		ADDED from DroidPlugin-master\TestPlugin\AndroidManifest.xml:18:25-66
category#android.intent.category.LAUNCHER
ADDED from DroidPlugin-master\TestPlugin\AndroidManifest.xml:19:17-76
	android:name
		ADDED from DroidPlugin-master\TestPlugin\AndroidManifest.xml:19:27-74
uses-permission#android.permission.ACCESS_COARSE_LOCATION
ADDED from [DroidPlugin-master.Libraries:DroidPlugin:unspecified] AndroidManifest.xml:33:5-81
	android:name
		ADDED from [DroidPlugin-master.Libraries:DroidPlugin:unspecified] AndroidManifest.xml:33:22-78
uses-permission#android.permission.ACCESS_FINE_LOCATION
ADDED from [DroidPlugin-master.Libraries:DroidPlugin:unspecified] AndroidManifest.xml:34:5-79
	android:name
		ADDED from [DroidPlugin-master.Libraries:DroidPlugin:unspecified] AndroidManifest.xml:34:22-76
uses-permission#android.permission.ACCESS_LOCATION_EXTRA_COMMANDS
ADDED from [DroidPlugin-master.Libraries:DroidPlugin:unspecified] AndroidManifest.xml:35:5-89
	android:name
		ADDED from [DroidPlugin-master.Libraries:DroidPlugin:unspecified] AndroidManifest.xml:35:22-86
uses-permission#android.permission.ACCESS_NETWORK_STATE
ADDED from [DroidPlugin-master.Libraries:DroidPlugin:unspecified] AndroidManifest.xml:36:5-79
	android:name
		ADDED from [DroidPlugin-master.Libraries:DroidPlugin:unspecified] AndroidManifest.xml:36:22-76
uses-permission#android.permission.ACCESS_WIFI_STATE
ADDED from [DroidPlugin-master.Libraries:DroidPlugin:unspecified] AndroidManifest.xml:37:5-76
	android:name
		ADDED from [DroidPlugin-master.Libraries:DroidPlugin:unspecified] AndroidManifest.xml:37:22-73
uses-permission#android.permission.ACCESS_WIMAX_STATE
ADDED from [DroidPlugin-master.Libraries:DroidPlugin:unspecified] AndroidManifest.xml:38:5-77
	android:name
		ADDED from [DroidPlugin-master.Libraries:DroidPlugin:unspecified] AndroidManifest.xml:38:22-74
uses-permission#android.permission.AUTHENTICATE_ACCOUNTS
ADDED from [DroidPlugin-master.Libraries:DroidPlugin:unspecified] AndroidManifest.xml:39:5-80
	android:name
		ADDED from [DroidPlugin-master.Libraries:DroidPlugin:unspecified] AndroidManifest.xml:39:22-77
uses-permission#android.permission.BLUETOOTH
ADDED from [DroidPlugin-master.Libraries:DroidPlugin:unspecified] AndroidManifest.xml:40:5-68
	android:name
		ADDED from [DroidPlugin-master.Libraries:DroidPlugin:unspecified] AndroidManifest.xml:40:22-65
uses-permission#android.permission.BLUETOOTH_ADMIN
ADDED from [DroidPlugin-master.Libraries:DroidPlugin:unspecified] AndroidManifest.xml:41:5-74
	android:name
		ADDED from [DroidPlugin-master.Libraries:DroidPlugin:unspecified] AndroidManifest.xml:41:22-71
uses-permission#android.permission.BODY_SENSORS
ADDED from [DroidPlugin-master.Libraries:DroidPlugin:unspecified] AndroidManifest.xml:42:5-71
	android:name
		ADDED from [DroidPlugin-master.Libraries:DroidPlugin:unspecified] AndroidManifest.xml:42:22-68
uses-permission#android.permission.BROADCAST_STICKY
ADDED from [DroidPlugin-master.Libraries:DroidPlugin:unspecified] AndroidManifest.xml:43:5-75
	android:name
		ADDED from [DroidPlugin-master.Libraries:DroidPlugin:unspecified] AndroidManifest.xml:43:22-72
uses-permission#android.permission.CALL_PHONE
ADDED from [DroidPlugin-master.Libraries:DroidPlugin:unspecified] AndroidManifest.xml:44:5-69
	android:name
		ADDED from [DroidPlugin-master.Libraries:DroidPlugin:unspecified] AndroidManifest.xml:44:22-66
uses-permission#android.permission.CAMERA
ADDED from [DroidPlugin-master.Libraries:DroidPlugin:unspecified] AndroidManifest.xml:45:5-65
	android:name
		ADDED from [DroidPlugin-master.Libraries:DroidPlugin:unspecified] AndroidManifest.xml:45:22-62
uses-permission#android.permission.CHANGE_NETWORK_STATE
ADDED from [DroidPlugin-master.Libraries:DroidPlugin:unspecified] AndroidManifest.xml:46:5-79
	android:name
		ADDED from [DroidPlugin-master.Libraries:DroidPlugin:unspecified] AndroidManifest.xml:46:22-76
uses-permission#android.permission.CHANGE_WIFI_MULTICAST_STATE
ADDED from [DroidPlugin-master.Libraries:DroidPlugin:unspecified] AndroidManifest.xml:47:5-86
	android:name
		ADDED from [DroidPlugin-master.Libraries:DroidPlugin:unspecified] AndroidManifest.xml:47:22-83
uses-permission#android.permission.CHANGE_WIFI_STATE
ADDED from [DroidPlugin-master.Libraries:DroidPlugin:unspecified] AndroidManifest.xml:48:5-76
	android:name
		ADDED from [DroidPlugin-master.Libraries:DroidPlugin:unspecified] AndroidManifest.xml:48:22-73
uses-permission#android.permission.CHANGE_WIMAX_STATE
ADDED from [DroidPlugin-master.Libraries:DroidPlugin:unspecified] AndroidManifest.xml:49:5-77
	android:name
		ADDED from [DroidPlugin-master.Libraries:DroidPlugin:unspecified] AndroidManifest.xml:49:22-74
uses-permission#android.permission.CLEAR_APP_CACHE
ADDED from [DroidPlugin-master.Libraries:DroidPlugin:unspecified] AndroidManifest.xml:50:5-74
	android:name
		ADDED from [DroidPlugin-master.Libraries:DroidPlugin:unspecified] AndroidManifest.xml:50:22-71
uses-permission#android.permission.DISABLE_KEYGUARD
ADDED from [DroidPlugin-master.Libraries:DroidPlugin:unspecified] AndroidManifest.xml:51:5-75
	android:name
		ADDED from [DroidPlugin-master.Libraries:DroidPlugin:unspecified] AndroidManifest.xml:51:22-72
uses-permission#android.permission.DOWNLOAD_WITHOUT_NOTIFICATION
ADDED from [DroidPlugin-master.Libraries:DroidPlugin:unspecified] AndroidManifest.xml:52:5-88
	android:name
		ADDED from [DroidPlugin-master.Libraries:DroidPlugin:unspecified] AndroidManifest.xml:52:22-85
uses-permission#android.permission.EXPAND_STATUS_BAR
ADDED from [DroidPlugin-master.Libraries:DroidPlugin:unspecified] AndroidManifest.xml:53:5-76
	android:name
		ADDED from [DroidPlugin-master.Libraries:DroidPlugin:unspecified] AndroidManifest.xml:53:22-73
uses-permission#android.permission.FLASHLIGHT
ADDED from [DroidPlugin-master.Libraries:DroidPlugin:unspecified] AndroidManifest.xml:54:5-69
	android:name
		ADDED from [DroidPlugin-master.Libraries:DroidPlugin:unspecified] AndroidManifest.xml:54:22-66
uses-permission#android.permission.GET_ACCOUNTS
ADDED from [DroidPlugin-master.Libraries:DroidPlugin:unspecified] AndroidManifest.xml:55:5-71
	android:name
		ADDED from [DroidPlugin-master.Libraries:DroidPlugin:unspecified] AndroidManifest.xml:55:22-68
uses-permission#android.permission.GET_PACKAGE_SIZE
ADDED from [DroidPlugin-master.Libraries:DroidPlugin:unspecified] AndroidManifest.xml:56:5-75
	android:name
		ADDED from [DroidPlugin-master.Libraries:DroidPlugin:unspecified] AndroidManifest.xml:56:22-72
uses-permission#android.permission.GET_TASKS
ADDED from [DroidPlugin-master.Libraries:DroidPlugin:unspecified] AndroidManifest.xml:57:5-68
	android:name
		ADDED from [DroidPlugin-master.Libraries:DroidPlugin:unspecified] AndroidManifest.xml:57:22-65
uses-permission#android.permission.INTERNET
ADDED from [DroidPlugin-master.Libraries:DroidPlugin:unspecified] AndroidManifest.xml:58:5-67
	android:name
		ADDED from [DroidPlugin-master.Libraries:DroidPlugin:unspecified] AndroidManifest.xml:58:22-64
uses-permission#android.permission.KILL_BACKGROUND_PROCESSES
ADDED from [DroidPlugin-master.Libraries:DroidPlugin:unspecified] AndroidManifest.xml:59:5-84
	android:name
		ADDED from [DroidPlugin-master.Libraries:DroidPlugin:unspecified] AndroidManifest.xml:59:22-81
uses-permission#android.permission.MANAGE_ACCOUNTS
ADDED from [DroidPlugin-master.Libraries:DroidPlugin:unspecified] AndroidManifest.xml:60:5-74
	android:name
		ADDED from [DroidPlugin-master.Libraries:DroidPlugin:unspecified] AndroidManifest.xml:60:22-71
uses-permission#android.permission.MODIFY_AUDIO_SETTINGS
ADDED from [DroidPlugin-master.Libraries:DroidPlugin:unspecified] AndroidManifest.xml:61:5-80
	android:name
		ADDED from [DroidPlugin-master.Libraries:DroidPlugin:unspecified] AndroidManifest.xml:61:22-77
uses-permission#android.permission.NFC
ADDED from [DroidPlugin-master.Libraries:DroidPlugin:unspecified] AndroidManifest.xml:62:5-62
	android:name
		ADDED from [DroidPlugin-master.Libraries:DroidPlugin:unspecified] AndroidManifest.xml:62:22-59
uses-permission#android.permission.PERSISTENT_ACTIVITY
ADDED from [DroidPlugin-master.Libraries:DroidPlugin:unspecified] AndroidManifest.xml:63:5-78
	android:name
		ADDED from [DroidPlugin-master.Libraries:DroidPlugin:unspecified] AndroidManifest.xml:63:22-75
uses-permission#android.permission.PROCESS_OUTGOING_CALLS
ADDED from [DroidPlugin-master.Libraries:DroidPlugin:unspecified] AndroidManifest.xml:64:5-81
	android:name
		ADDED from [DroidPlugin-master.Libraries:DroidPlugin:unspecified] AndroidManifest.xml:64:22-78
uses-permission#android.permission.READ_CALENDAR
ADDED from [DroidPlugin-master.Libraries:DroidPlugin:unspecified] AndroidManifest.xml:65:5-72
	android:name
		ADDED from [DroidPlugin-master.Libraries:DroidPlugin:unspecified] AndroidManifest.xml:65:22-69
uses-permission#android.permission.READ_CALL_LOG
ADDED from [DroidPlugin-master.Libraries:DroidPlugin:unspecified] AndroidManifest.xml:66:5-72
	android:name
		ADDED from [DroidPlugin-master.Libraries:DroidPlugin:unspecified] AndroidManifest.xml:66:22-69
uses-permission#android.permission.READ_CELL_BROADCASTS
ADDED from [DroidPlugin-master.Libraries:DroidPlugin:unspecified] AndroidManifest.xml:67:5-79
	android:name
		ADDED from [DroidPlugin-master.Libraries:DroidPlugin:unspecified] AndroidManifest.xml:67:22-76
uses-permission#android.permission.READ_CONTACTS
ADDED from [DroidPlugin-master.Libraries:DroidPlugin:unspecified] AndroidManifest.xml:68:5-72
	android:name
		ADDED from [DroidPlugin-master.Libraries:DroidPlugin:unspecified] AndroidManifest.xml:68:22-69
uses-permission#android.permission.READ_EXTERNAL_STORAGE
ADDED from [DroidPlugin-master.Libraries:DroidPlugin:unspecified] AndroidManifest.xml:69:5-80
	android:name
		ADDED from [DroidPlugin-master.Libraries:DroidPlugin:unspecified] AndroidManifest.xml:69:22-77
uses-permission#android.permission.READ_INSTALL_SESSIONS
ADDED from [DroidPlugin-master.Libraries:DroidPlugin:unspecified] AndroidManifest.xml:70:5-80
	android:name
		ADDED from [DroidPlugin-master.Libraries:DroidPlugin:unspecified] AndroidManifest.xml:70:22-77
uses-permission#android.permission.READ_PHONE_STATE
ADDED from [DroidPlugin-master.Libraries:DroidPlugin:unspecified] AndroidManifest.xml:71:5-75
	android:name
		ADDED from [DroidPlugin-master.Libraries:DroidPlugin:unspecified] AndroidManifest.xml:71:22-72
uses-permission#android.permission.READ_PROFILE
ADDED from [DroidPlugin-master.Libraries:DroidPlugin:unspecified] AndroidManifest.xml:72:5-71
	android:name
		ADDED from [DroidPlugin-master.Libraries:DroidPlugin:unspecified] AndroidManifest.xml:72:22-68
uses-permission#android.permission.READ_SMS
ADDED from [DroidPlugin-master.Libraries:DroidPlugin:unspecified] AndroidManifest.xml:73:5-67
	android:name
		ADDED from [DroidPlugin-master.Libraries:DroidPlugin:unspecified] AndroidManifest.xml:73:22-64
uses-permission#android.permission.READ_SOCIAL_STREAM
ADDED from [DroidPlugin-master.Libraries:DroidPlugin:unspecified] AndroidManifest.xml:74:5-77
	android:name
		ADDED from [DroidPlugin-master.Libraries:DroidPlugin:unspecified] AndroidManifest.xml:74:22-74
uses-permission#android.permission.READ_SYNC_SETTINGS
ADDED from [DroidPlugin-master.Libraries:DroidPlugin:unspecified] AndroidManifest.xml:75:5-77
	android:name
		ADDED from [DroidPlugin-master.Libraries:DroidPlugin:unspecified] AndroidManifest.xml:75:22-74
uses-permission#android.permission.READ_SYNC_STATS
ADDED from [DroidPlugin-master.Libraries:DroidPlugin:unspecified] AndroidManifest.xml:76:5-74
	android:name
		ADDED from [DroidPlugin-master.Libraries:DroidPlugin:unspecified] AndroidManifest.xml:76:22-71
uses-permission#android.permission.READ_USER_DICTIONARY
ADDED from [DroidPlugin-master.Libraries:DroidPlugin:unspecified] AndroidManifest.xml:77:5-79
	android:name
		ADDED from [DroidPlugin-master.Libraries:DroidPlugin:unspecified] AndroidManifest.xml:77:22-76
uses-permission#android.permission.RECEIVE_BOOT_COMPLETED
ADDED from [DroidPlugin-master.Libraries:DroidPlugin:unspecified] AndroidManifest.xml:78:5-81
	android:name
		ADDED from [DroidPlugin-master.Libraries:DroidPlugin:unspecified] AndroidManifest.xml:78:22-78
uses-permission#android.permission.RECEIVE_MMS
ADDED from [DroidPlugin-master.Libraries:DroidPlugin:unspecified] AndroidManifest.xml:79:5-70
	android:name
		ADDED from [DroidPlugin-master.Libraries:DroidPlugin:unspecified] AndroidManifest.xml:79:22-67
uses-permission#android.permission.RECEIVE_SMS
ADDED from [DroidPlugin-master.Libraries:DroidPlugin:unspecified] AndroidManifest.xml:80:5-70
	android:name
		ADDED from [DroidPlugin-master.Libraries:DroidPlugin:unspecified] AndroidManifest.xml:80:22-67
uses-permission#android.permission.RECEIVE_WAP_PUSH
ADDED from [DroidPlugin-master.Libraries:DroidPlugin:unspecified] AndroidManifest.xml:81:5-75
	android:name
		ADDED from [DroidPlugin-master.Libraries:DroidPlugin:unspecified] AndroidManifest.xml:81:22-72
uses-permission#android.permission.RECORD_AUDIO
ADDED from [DroidPlugin-master.Libraries:DroidPlugin:unspecified] AndroidManifest.xml:82:5-71
	android:name
		ADDED from [DroidPlugin-master.Libraries:DroidPlugin:unspecified] AndroidManifest.xml:82:22-68
uses-permission#android.permission.REORDER_TASKS
ADDED from [DroidPlugin-master.Libraries:DroidPlugin:unspecified] AndroidManifest.xml:83:5-72
	android:name
		ADDED from [DroidPlugin-master.Libraries:DroidPlugin:unspecified] AndroidManifest.xml:83:22-69
uses-permission#android.permission.RESTART_PACKAGES
ADDED from [DroidPlugin-master.Libraries:DroidPlugin:unspecified] AndroidManifest.xml:84:5-75
	android:name
		ADDED from [DroidPlugin-master.Libraries:DroidPlugin:unspecified] AndroidManifest.xml:84:22-72
uses-permission#android.permission.SEND_SMS
ADDED from [DroidPlugin-master.Libraries:DroidPlugin:unspecified] AndroidManifest.xml:85:5-67
	android:name
		ADDED from [DroidPlugin-master.Libraries:DroidPlugin:unspecified] AndroidManifest.xml:85:22-64
uses-permission#android.permission.SET_TIME_ZONE
ADDED from [DroidPlugin-master.Libraries:DroidPlugin:unspecified] AndroidManifest.xml:86:5-72
	android:name
		ADDED from [DroidPlugin-master.Libraries:DroidPlugin:unspecified] AndroidManifest.xml:86:22-69
uses-permission#android.permission.SET_WALLPAPER
ADDED from [DroidPlugin-master.Libraries:DroidPlugin:unspecified] AndroidManifest.xml:87:5-72
	android:name
		ADDED from [DroidPlugin-master.Libraries:DroidPlugin:unspecified] AndroidManifest.xml:87:22-69
uses-permission#android.permission.SET_WALLPAPER_HINTS
ADDED from [DroidPlugin-master.Libraries:DroidPlugin:unspecified] AndroidManifest.xml:88:5-78
	android:name
		ADDED from [DroidPlugin-master.Libraries:DroidPlugin:unspecified] AndroidManifest.xml:88:22-75
uses-permission#android.permission.SUBSCRIBED_FEEDS_READ
ADDED from [DroidPlugin-master.Libraries:DroidPlugin:unspecified] AndroidManifest.xml:89:5-80
	android:name
		ADDED from [DroidPlugin-master.Libraries:DroidPlugin:unspecified] AndroidManifest.xml:89:22-77
uses-permission#android.permission.SUBSCRIBED_FEEDS_WRITE
ADDED from [DroidPlugin-master.Libraries:DroidPlugin:unspecified] AndroidManifest.xml:90:5-81
	android:name
		ADDED from [DroidPlugin-master.Libraries:DroidPlugin:unspecified] AndroidManifest.xml:90:22-78
uses-permission#android.permission.SYSTEM_ALERT_WINDOW
ADDED from [DroidPlugin-master.Libraries:DroidPlugin:unspecified] AndroidManifest.xml:91:5-78
	android:name
		ADDED from [DroidPlugin-master.Libraries:DroidPlugin:unspecified] AndroidManifest.xml:91:22-75
uses-permission#android.permission.TRANSMIT_IR
ADDED from [DroidPlugin-master.Libraries:DroidPlugin:unspecified] AndroidManifest.xml:92:5-70
	android:name
		ADDED from [DroidPlugin-master.Libraries:DroidPlugin:unspecified] AndroidManifest.xml:92:22-67
uses-permission#android.permission.USE_CREDENTIALS
ADDED from [DroidPlugin-master.Libraries:DroidPlugin:unspecified] AndroidManifest.xml:93:5-74
	android:name
		ADDED from [DroidPlugin-master.Libraries:DroidPlugin:unspecified] AndroidManifest.xml:93:22-71
uses-permission#android.permission.USE_SIP
ADDED from [DroidPlugin-master.Libraries:DroidPlugin:unspecified] AndroidManifest.xml:94:5-66
	android:name
		ADDED from [DroidPlugin-master.Libraries:DroidPlugin:unspecified] AndroidManifest.xml:94:22-63
uses-permission#android.permission.VIBRATE
ADDED from [DroidPlugin-master.Libraries:DroidPlugin:unspecified] AndroidManifest.xml:95:5-66
	android:name
		ADDED from [DroidPlugin-master.Libraries:DroidPlugin:unspecified] AndroidManifest.xml:95:22-63
uses-permission#android.permission.WAKE_LOCK
ADDED from [DroidPlugin-master.Libraries:DroidPlugin:unspecified] AndroidManifest.xml:96:5-68
	android:name
		ADDED from [DroidPlugin-master.Libraries:DroidPlugin:unspecified] AndroidManifest.xml:96:22-65
uses-permission#android.permission.WRITE_CALENDAR
ADDED from [DroidPlugin-master.Libraries:DroidPlugin:unspecified] AndroidManifest.xml:97:5-73
	android:name
		ADDED from [DroidPlugin-master.Libraries:DroidPlugin:unspecified] AndroidManifest.xml:97:22-70
uses-permission#android.permission.WRITE_CALL_LOG
ADDED from [DroidPlugin-master.Libraries:DroidPlugin:unspecified] AndroidManifest.xml:98:5-73
	android:name
		ADDED from [DroidPlugin-master.Libraries:DroidPlugin:unspecified] AndroidManifest.xml:98:22-70
uses-permission#android.permission.WRITE_CONTACTS
ADDED from [DroidPlugin-master.Libraries:DroidPlugin:unspecified] AndroidManifest.xml:99:5-73
	android:name
		ADDED from [DroidPlugin-master.Libraries:DroidPlugin:unspecified] AndroidManifest.xml:99:22-70
uses-permission#android.permission.WRITE_EXTERNAL_STORAGE
ADDED from [DroidPlugin-master.Libraries:DroidPlugin:unspecified] AndroidManifest.xml:100:5-81
	android:name
		ADDED from [DroidPlugin-master.Libraries:DroidPlugin:unspecified] AndroidManifest.xml:100:22-78
uses-permission#android.permission.WRITE_PROFILE
ADDED from [DroidPlugin-master.Libraries:DroidPlugin:unspecified] AndroidManifest.xml:101:5-72
	android:name
		ADDED from [DroidPlugin-master.Libraries:DroidPlugin:unspecified] AndroidManifest.xml:101:22-69
uses-permission#android.permission.WRITE_SETTINGS
ADDED from [DroidPlugin-master.Libraries:DroidPlugin:unspecified] AndroidManifest.xml:102:5-73
	android:name
		ADDED from [DroidPlugin-master.Libraries:DroidPlugin:unspecified] AndroidManifest.xml:102:22-70
uses-permission#android.permission.WRITE_SMS
ADDED from [DroidPlugin-master.Libraries:DroidPlugin:unspecified] AndroidManifest.xml:103:5-68
	android:name
		ADDED from [DroidPlugin-master.Libraries:DroidPlugin:unspecified] AndroidManifest.xml:103:22-65
uses-permission#android.permission.WRITE_SOCIAL_STREAM
ADDED from [DroidPlugin-master.Libraries:DroidPlugin:unspecified] AndroidManifest.xml:104:5-78
	android:name
		ADDED from [DroidPlugin-master.Libraries:DroidPlugin:unspecified] AndroidManifest.xml:104:22-75
uses-permission#android.permission.WRITE_SYNC_SETTINGS
ADDED from [DroidPlugin-master.Libraries:DroidPlugin:unspecified] AndroidManifest.xml:105:5-78
	android:name
		ADDED from [DroidPlugin-master.Libraries:DroidPlugin:unspecified] AndroidManifest.xml:105:22-75
uses-permission#android.permission.WRITE_USER_DICTIONARY
ADDED from [DroidPlugin-master.Libraries:DroidPlugin:unspecified] AndroidManifest.xml:106:5-80
	android:name
		ADDED from [DroidPlugin-master.Libraries:DroidPlugin:unspecified] AndroidManifest.xml:106:22-77
uses-permission#com.android.alarm.permission.SET_ALARM
ADDED from [DroidPlugin-master.Libraries:DroidPlugin:unspecified] AndroidManifest.xml:107:5-78
	android:name
		ADDED from [DroidPlugin-master.Libraries:DroidPlugin:unspecified] AndroidManifest.xml:107:22-75
uses-permission#com.android.browser.permission.READ_HISTORY_BOOKMARKS
ADDED from [DroidPlugin-master.Libraries:DroidPlugin:unspecified] AndroidManifest.xml:108:5-93
	android:name
		ADDED from [DroidPlugin-master.Libraries:DroidPlugin:unspecified] AndroidManifest.xml:108:22-90
uses-permission#com.android.browser.permission.WRITE_HISTORY_BOOKMARKS
ADDED from [DroidPlugin-master.Libraries:DroidPlugin:unspecified] AndroidManifest.xml:109:5-94
	android:name
		ADDED from [DroidPlugin-master.Libraries:DroidPlugin:unspecified] AndroidManifest.xml:109:22-91
uses-permission#com.android.launcher.permission.INSTALL_SHORTCUT
ADDED from [DroidPlugin-master.Libraries:DroidPlugin:unspecified] AndroidManifest.xml:110:5-88
	android:name
		ADDED from [DroidPlugin-master.Libraries:DroidPlugin:unspecified] AndroidManifest.xml:110:22-85
uses-permission#com.android.launcher.permission.UNINSTALL_SHORTCUT
ADDED from [DroidPlugin-master.Libraries:DroidPlugin:unspecified] AndroidManifest.xml:111:5-90
	android:name
		ADDED from [DroidPlugin-master.Libraries:DroidPlugin:unspecified] AndroidManifest.xml:111:22-87
uses-permission#com.android.vending.BILLING
ADDED from [DroidPlugin-master.Libraries:DroidPlugin:unspecified] AndroidManifest.xml:112:5-67
	android:name
		ADDED from [DroidPlugin-master.Libraries:DroidPlugin:unspecified] AndroidManifest.xml:112:22-64
uses-permission#com.android.vending.CHECK_LICENSE
ADDED from [DroidPlugin-master.Libraries:DroidPlugin:unspecified] AndroidManifest.xml:113:5-73
	android:name
		ADDED from [DroidPlugin-master.Libraries:DroidPlugin:unspecified] AndroidManifest.xml:113:22-70
uses-permission#com.android.voicemail.permission.ADD_VOICEMAIL
ADDED from [DroidPlugin-master.Libraries:DroidPlugin:unspecified] AndroidManifest.xml:114:5-86
	android:name
		ADDED from [DroidPlugin-master.Libraries:DroidPlugin:unspecified] AndroidManifest.xml:114:22-83
uses-permission#com.google.android.c2dm.permission.RECEIVE
ADDED from [DroidPlugin-master.Libraries:DroidPlugin:unspecified] AndroidManifest.xml:115:5-82
	android:name
		ADDED from [DroidPlugin-master.Libraries:DroidPlugin:unspecified] AndroidManifest.xml:115:22-79
uses-permission#com.google.android.gms.permission.ACTIVITY_RECOGNITION
ADDED from [DroidPlugin-master.Libraries:DroidPlugin:unspecified] AndroidManifest.xml:116:5-94
	android:name
		ADDED from [DroidPlugin-master.Libraries:DroidPlugin:unspecified] AndroidManifest.xml:116:22-91
uses-permission#com.google.android.gms.permission.AD_ID_NOTIFICATION
ADDED from [DroidPlugin-master.Libraries:DroidPlugin:unspecified] AndroidManifest.xml:117:5-92
	android:name
		ADDED from [DroidPlugin-master.Libraries:DroidPlugin:unspecified] AndroidManifest.xml:117:22-89
uses-permission#com.google.android.googleapps.permission.GOOGLE_AUTH
ADDED from [DroidPlugin-master.Libraries:DroidPlugin:unspecified] AndroidManifest.xml:118:5-92
	android:name
		ADDED from [DroidPlugin-master.Libraries:DroidPlugin:unspecified] AndroidManifest.xml:118:22-89
uses-permission#com.google.android.googleapps.permission.GOOGLE_AUTH.OTHER_SERVICES
ADDED from [DroidPlugin-master.Libraries:DroidPlugin:unspecified] AndroidManifest.xml:119:5-107
	android:name
		ADDED from [DroidPlugin-master.Libraries:DroidPlugin:unspecified] AndroidManifest.xml:119:22-104
uses-permission#com.google.android.googleapps.permission.GOOGLE_AUTH.YouTubeUser
ADDED from [DroidPlugin-master.Libraries:DroidPlugin:unspecified] AndroidManifest.xml:120:5-104
	android:name
		ADDED from [DroidPlugin-master.Libraries:DroidPlugin:unspecified] AndroidManifest.xml:120:22-101
uses-permission#com.google.android.googleapps.permission.GOOGLE_AUTH.adsense
ADDED from [DroidPlugin-master.Libraries:DroidPlugin:unspecified] AndroidManifest.xml:121:5-100
	android:name
		ADDED from [DroidPlugin-master.Libraries:DroidPlugin:unspecified] AndroidManifest.xml:121:22-97
uses-permission#com.google.android.googleapps.permission.GOOGLE_AUTH.adwords
ADDED from [DroidPlugin-master.Libraries:DroidPlugin:unspecified] AndroidManifest.xml:122:5-100
	android:name
		ADDED from [DroidPlugin-master.Libraries:DroidPlugin:unspecified] AndroidManifest.xml:122:22-97
uses-permission#com.google.android.googleapps.permission.GOOGLE_AUTH.ah
ADDED from [DroidPlugin-master.Libraries:DroidPlugin:unspecified] AndroidManifest.xml:123:5-95
	android:name
		ADDED from [DroidPlugin-master.Libraries:DroidPlugin:unspecified] AndroidManifest.xml:123:22-92
uses-permission#com.google.android.googleapps.permission.GOOGLE_AUTH.android
ADDED from [DroidPlugin-master.Libraries:DroidPlugin:unspecified] AndroidManifest.xml:124:5-100
	android:name
		ADDED from [DroidPlugin-master.Libraries:DroidPlugin:unspecified] AndroidManifest.xml:124:22-97
uses-permission#com.google.android.googleapps.permission.GOOGLE_AUTH.androidsecure
ADDED from [DroidPlugin-master.Libraries:DroidPlugin:unspecified] AndroidManifest.xml:125:5-106
	android:name
		ADDED from [DroidPlugin-master.Libraries:DroidPlugin:unspecified] AndroidManifest.xml:125:22-103
uses-permission#com.google.android.googleapps.permission.GOOGLE_AUTH.blogger
ADDED from [DroidPlugin-master.Libraries:DroidPlugin:unspecified] AndroidManifest.xml:126:5-100
	android:name
		ADDED from [DroidPlugin-master.Libraries:DroidPlugin:unspecified] AndroidManifest.xml:126:22-97
uses-permission#com.google.android.googleapps.permission.GOOGLE_AUTH.cl
ADDED from [DroidPlugin-master.Libraries:DroidPlugin:unspecified] AndroidManifest.xml:127:5-95
	android:name
		ADDED from [DroidPlugin-master.Libraries:DroidPlugin:unspecified] AndroidManifest.xml:127:22-92
uses-permission#com.google.android.googleapps.permission.GOOGLE_AUTH.cp
ADDED from [DroidPlugin-master.Libraries:DroidPlugin:unspecified] AndroidManifest.xml:128:5-95
	android:name
		ADDED from [DroidPlugin-master.Libraries:DroidPlugin:unspecified] AndroidManifest.xml:128:22-92
uses-permission#com.google.android.googleapps.permission.GOOGLE_AUTH.dodgeball
ADDED from [DroidPlugin-master.Libraries:DroidPlugin:unspecified] AndroidManifest.xml:129:5-102
	android:name
		ADDED from [DroidPlugin-master.Libraries:DroidPlugin:unspecified] AndroidManifest.xml:129:22-99
uses-permission#com.google.android.googleapps.permission.GOOGLE_AUTH.finance
ADDED from [DroidPlugin-master.Libraries:DroidPlugin:unspecified] AndroidManifest.xml:130:5-100
	android:name
		ADDED from [DroidPlugin-master.Libraries:DroidPlugin:unspecified] AndroidManifest.xml:130:22-97
uses-permission#com.google.android.googleapps.permission.GOOGLE_AUTH.gbase
ADDED from [DroidPlugin-master.Libraries:DroidPlugin:unspecified] AndroidManifest.xml:131:5-98
	android:name
		ADDED from [DroidPlugin-master.Libraries:DroidPlugin:unspecified] AndroidManifest.xml:131:22-95
uses-permission#com.google.android.googleapps.permission.GOOGLE_AUTH.grandcentral
ADDED from [DroidPlugin-master.Libraries:DroidPlugin:unspecified] AndroidManifest.xml:132:5-105
	android:name
		ADDED from [DroidPlugin-master.Libraries:DroidPlugin:unspecified] AndroidManifest.xml:132:22-102
uses-permission#com.google.android.googleapps.permission.GOOGLE_AUTH.groups2
ADDED from [DroidPlugin-master.Libraries:DroidPlugin:unspecified] AndroidManifest.xml:133:5-100
	android:name